<?xml version="1.0" encoding="UTF-8"?>
<testng-results skipped="0" failed="0" total="1" passed="1">
  <reporter-output>
  </reporter-output>
  <suite name="Default suite" duration-ms="8775" started-at="2019-09-04T16:38:31Z" finished-at="2019-09-04T16:38:40Z">
    <groups>
    </groups>
    <test name="Default test" duration-ms="8775" started-at="2019-09-04T16:38:31Z" finished-at="2019-09-04T16:38:40Z">
      <class name="com.Levantar.methods.Login">
        <test-method status="PASS" signature="setProperties()[pri:0, instance:com.Levantar.methods.Login@6a41eaa2]" name="setProperties" is-config="true" duration-ms="16" started-at="2019-09-04T22:08:32Z" finished-at="2019-09-04T22:08:32Z">
          <reporter-output>
          </reporter-output>
        </test-method> <!-- setProperties -->
        <test-method status="PASS" signature="openApp()[pri:0, instance:com.Levantar.methods.Login@6a41eaa2]" name="openApp" is-config="true" duration-ms="6022" started-at="2019-09-04T22:08:32Z" finished-at="2019-09-04T22:08:38Z">
          <reporter-output>
          </reporter-output>
        </test-method> <!-- openApp -->
        <test-method status="PASS" signature="loginPAgetest()[pri:1, instance:com.Levantar.methods.Login@6a41eaa2]" name="loginPAgetest" duration-ms="1896" started-at="2019-09-04T22:08:38Z" finished-at="2019-09-04T22:08:40Z">
          <reporter-output>
          </reporter-output>
        </test-method> <!-- loginPAgetest -->
        <test-method status="PASS" signature="closeApp()[pri:0, instance:com.Levantar.methods.Login@6a41eaa2]" name="closeApp" is-config="true" duration-ms="576" started-at="2019-09-04T22:08:40Z" finished-at="2019-09-04T22:08:40Z">
          <reporter-output>
          </reporter-output>
        </test-method> <!-- closeApp -->
      </class> <!-- com.Levantar.methods.Login -->
    </test> <!-- Default test -->
  </suite> <!-- Default suite -->
</testng-results>
